Warning[205] C:\USERS\MARCO\MPLABXPROJECTS\PROYECTOFINAL.X\BOCINA.ASM 1 : Found directive in column 1. (RADIX)
Warning[203] C:\USERS\MARCO\MPLABXPROJECTS\PROYECTOFINAL.X\BOCINA.ASM 188 : Found opcode in column 1. (GOTO)
Warning[207] C:\USERS\MARCO\MPLABXPROJECTS\PROYECTOFINAL.X\BOCINA.ASM 191 : Found label after column 1. (TCL_1)
Warning[207] C:\USERS\MARCO\MPLABXPROJECTS\PROYECTOFINAL.X\BOCINA.ASM 196 : Found label after column 1. (TCL_2)
Warning[207] C:\USERS\MARCO\MPLABXPROJECTS\PROYECTOFINAL.X\BOCINA.ASM 201 : Found label after column 1. (TCL_3)
Warning[207] C:\USERS\MARCO\MPLABXPROJECTS\PROYECTOFINAL.X\BOCINA.ASM 206 : Found label after column 1. (TCL_4)
Warning[207] C:\USERS\MARCO\MPLABXPROJECTS\PROYECTOFINAL.X\BOCINA.ASM 211 : Found label after column 1. (TCL_5)
Warning[207] C:\USERS\MARCO\MPLABXPROJECTS\PROYECTOFINAL.X\BOCINA.ASM 216 : Found label after column 1. (TCL_6)
Warning[207] C:\USERS\MARCO\MPLABXPROJECTS\PROYECTOFINAL.X\BOCINA.ASM 221 : Found label after column 1. (TCL_7)
Warning[207] C:\USERS\MARCO\MPLABXPROJECTS\PROYECTOFINAL.X\BOCINA.ASM 226 : Found label after column 1. (TCL_8)
Warning[207] C:\USERS\MARCO\MPLABXPROJECTS\PROYECTOFINAL.X\BOCINA.ASM 231 : Found label after column 1. (UNVALID_VALUE)
Warning[203] C:\USERS\MARCO\MPLABXPROJECTS\PROYECTOFINAL.X\BOCINA.ASM 234 : Found opcode in column 1. (RETURN)
Warning[203] C:\USERS\MARCO\MPLABXPROJECTS\PROYECTOFINAL.X\BOCINA.ASM 241 : Found opcode in column 1. (RETFIE)
Warning[203] C:\USERS\MARCO\MPLABXPROJECTS\PROYECTOFINAL.X\BOCINA.ASM 254 : Found opcode in column 1. (RETURN)
Warning[203] C:\USERS\MARCO\MPLABXPROJECTS\PROYECTOFINAL.X\BOCINA.ASM 262 : Found opcode in column 1. (RETURN)
Warning[203] C:\USERS\MARCO\MPLABXPROJECTS\PROYECTOFINAL.X\BOCINA.ASM 270 : Found opcode in column 1. (RETURN)
Warning[203] C:\USERS\MARCO\MPLABXPROJECTS\PROYECTOFINAL.X\BOCINA.ASM 279 : Found opcode in column 1. (RETURN)
Warning[203] C:\USERS\MARCO\MPLABXPROJECTS\PROYECTOFINAL.X\BOCINA.ASM 287 : Found opcode in column 1. (RETURN)
Warning[203] C:\USERS\MARCO\MPLABXPROJECTS\PROYECTOFINAL.X\BOCINA.ASM 295 : Found opcode in column 1. (RETURN)
Warning[203] C:\USERS\MARCO\MPLABXPROJECTS\PROYECTOFINAL.X\BOCINA.ASM 303 : Found opcode in column 1. (RETURN)
Warning[203] C:\USERS\MARCO\MPLABXPROJECTS\PROYECTOFINAL.X\BOCINA.ASM 311 : Found opcode in column 1. (RETURN)
Warning[203] C:\USERS\MARCO\MPLABXPROJECTS\PROYECTOFINAL.X\BOCINA.ASM 319 : Found opcode in column 1. (RETURN)
Warning[203] C:\USERS\MARCO\MPLABXPROJECTS\PROYECTOFINAL.X\BOCINA.ASM 327 : Found opcode in column 1. (RETURN)
Warning[203] C:\USERS\MARCO\MPLABXPROJECTS\PROYECTOFINAL.X\BOCINA.ASM 335 : Found opcode in column 1. (RETURN)
Warning[203] C:\USERS\MARCO\MPLABXPROJECTS\PROYECTOFINAL.X\BOCINA.ASM 343 : Found opcode in column 1. (RETURN)
Warning[203] C:\USERS\MARCO\MPLABXPROJECTS\PROYECTOFINAL.X\BOCINA.ASM 351 : Found opcode in column 1. (RETURN)
Warning[203] C:\USERS\MARCO\MPLABXPROJECTS\PROYECTOFINAL.X\BOCINA.ASM 359 : Found opcode in column 1. (RETURN)
Warning[203] C:\USERS\MARCO\MPLABXPROJECTS\PROYECTOFINAL.X\BOCINA.ASM 367 : Found opcode in column 1. (RETURN)
Warning[203] C:\USERS\MARCO\MPLABXPROJECTS\PROYECTOFINAL.X\BOCINA.ASM 375 : Found opcode in column 1. (RETURN)
Warning[202] C:\USERS\MARCO\MPLABXPROJECTS\PROYECTOFINAL.X\BOCINA.ASM 380 : Argument out of range.  Least significant bits used.
Warning[203] C:\USERS\MARCO\MPLABXPROJECTS\PROYECTOFINAL.X\BOCINA.ASM 383 : Found opcode in column 1. (RETURN)
Warning[203] C:\USERS\MARCO\MPLABXPROJECTS\PROYECTOFINAL.X\BOCINA.ASM 413 : Found opcode in column 1. (GOTO)
Warning[207] C:\USERS\MARCO\MPLABXPROJECTS\PROYECTOFINAL.X\BOCINA.ASM 421 : Found label after column 1. (PWM_OFF)
Warning[203] C:\USERS\MARCO\MPLABXPROJECTS\PROYECTOFINAL.X\BOCINA.ASM 426 : Found opcode in column 1. (RETURN)
Warning[203] C:\USERS\MARCO\MPLABXPROJECTS\PROYECTOFINAL.X\BOCINA.ASM 435 : Found opcode in column 1. (RETURN)
Warning[203] C:\USERS\MARCO\MPLABXPROJECTS\PROYECTOFINAL.X\BOCINA.ASM 445 : Found opcode in column 1. (RETURN)
Warning[203] C:\USERS\MARCO\MPLABXPROJECTS\PROYECTOFINAL.X\BOCINA.ASM 456 : Found opcode in column 1. (RETURN)
Warning[207] C:\USERS\MARCO\MPLABXPROJECTS\PROYECTOFINAL.X\BOCINA.ASM 462 : Found label after column 1. (loop1)
Warning[203] C:\USERS\MARCO\MPLABXPROJECTS\PROYECTOFINAL.X\BOCINA.ASM 467 : Found opcode in column 1. (return)
Warning[203] C:\USERS\MARCO\MPLABXPROJECTS\PROYECTOFINAL.X\BOCINA.ASM 473 : Found opcode in column 1. (return)
Warning[203] C:\USERS\MARCO\MPLABXPROJECTS\PROYECTOFINAL.X\BOCINA.ASM 478 : Found opcode in column 1. (return)
Warning[203] C:\USERS\MARCO\MPLABXPROJECTS\PROYECTOFINAL.X\BOCINA.ASM 484 : Found opcode in column 1. (RETURN)
Warning[203] C:\USERS\MARCO\MPLABXPROJECTS\PROYECTOFINAL.X\BOCINA.ASM 493 : Found opcode in column 1. (RETURN)
Warning[203] C:\USERS\MARCO\MPLABXPROJECTS\PROYECTOFINAL.X\BOCINA.ASM 505 : Found opcode in column 1. (RETURN)
Warning[203] C:\USERS\MARCO\MPLABXPROJECTS\PROYECTOFINAL.X\BOCINA.ASM 514 : Found opcode in column 1. (RETURN)
Warning[203] C:\USERS\MARCO\MPLABXPROJECTS\PROYECTOFINAL.X\BOCINA.ASM 526 : Found opcode in column 1. (RETURN)
Warning[203] C:\USERS\MARCO\MPLABXPROJECTS\PROYECTOFINAL.X\BOCINA.ASM 535 : Found opcode in column 1. (RETURN)
Warning[203] C:\USERS\MARCO\MPLABXPROJECTS\PROYECTOFINAL.X\BOCINA.ASM 544 : Found opcode in column 1. (RETURN)
Warning[203] C:\USERS\MARCO\MPLABXPROJECTS\PROYECTOFINAL.X\BOCINA.ASM 556 : Found opcode in column 1. (RETURN)
Warning[203] C:\USERS\MARCO\MPLABXPROJECTS\PROYECTOFINAL.X\BOCINA.ASM 568 : Found opcode in column 1. (RETURN)
Warning[203] C:\USERS\MARCO\MPLABXPROJECTS\PROYECTOFINAL.X\BOCINA.ASM 583 : Found opcode in column 1. (RETURN)
Warning[203] C:\USERS\MARCO\MPLABXPROJECTS\PROYECTOFINAL.X\BOCINA.ASM 592 : Found opcode in column 1. (RETURN)
Warning[203] C:\USERS\MARCO\MPLABXPROJECTS\PROYECTOFINAL.X\BOCINA.ASM 604 : Found opcode in column 1. (RETURN)
Warning[203] C:\USERS\MARCO\MPLABXPROJECTS\PROYECTOFINAL.X\BOCINA.ASM 613 : Found opcode in column 1. (RETURN)
Warning[203] C:\USERS\MARCO\MPLABXPROJECTS\PROYECTOFINAL.X\BOCINA.ASM 635 : Found opcode in column 1. (RETURN)
Warning[203] C:\USERS\MARCO\MPLABXPROJECTS\PROYECTOFINAL.X\BOCINA.ASM 643 : Found opcode in column 1. (RETURN)
Warning[203] C:\USERS\MARCO\MPLABXPROJECTS\PROYECTOFINAL.X\BOCINA.ASM 665 : Found opcode in column 1. (RETURN)
Warning[203] C:\USERS\MARCO\MPLABXPROJECTS\PROYECTOFINAL.X\BOCINA.ASM 673 : Found opcode in column 1. (RETURN)
Warning[203] C:\USERS\MARCO\MPLABXPROJECTS\PROYECTOFINAL.X\BOCINA.ASM 697 : Found opcode in column 1. (RETURN)
Warning[203] C:\USERS\MARCO\MPLABXPROJECTS\PROYECTOFINAL.X\BOCINA.ASM 709 : Found opcode in column 1. (RETURN)
Warning[203] C:\USERS\MARCO\MPLABXPROJECTS\PROYECTOFINAL.X\BOCINA.ASM 731 : Found opcode in column 1. (RETURN)
Warning[203] C:\USERS\MARCO\MPLABXPROJECTS\PROYECTOFINAL.X\BOCINA.ASM 739 : Found opcode in column 1. (RETURN)
Warning[203] C:\USERS\MARCO\MPLABXPROJECTS\PROYECTOFINAL.X\BOCINA.ASM 768 : Found opcode in column 1. (RETURN)
Warning[205] C:\USERS\MARCO\MPLABXPROJECTS\PROYECTOFINAL.X\BOCINA.ASM 770 : Found directive in column 1. (END)
